<?xml version="1.0" encoding="UTF-8"?>
<!-- Generated by org.testng.reporters.JUnitReportReporter -->
<testsuite skipped="0" hostname="DESKTOP-22VQISN" name="com.runner.ZooplaAutomationRunner" tests="1" failures="0" timestamp="2020-08-13T21:48:40 EDT" time="31.004" errors="0">
  <testcase name="runScenario" time="31.004" classname="com.runner.ZooplaAutomationRunner"/>
  <system-out/>
</testsuite> <!-- com.runner.ZooplaAutomationRunner -->
